#
# A fatal error has been detected by the Java Runtime Environment:
#
#  SIGSEGV (0xb) at pc=0x00007fff80071d57, pid=1313, tid=50183
#
# JRE version: Java(TM) SE Runtime Environment (8.0_25-b17) (build 1.8.0_25-b17)
# Java VM: Java HotSpot(TM) 64-Bit Server VM (25.25-b02 mixed mode bsd-amd64 compressed oops)
# Problematic frame:
# C  [libobjc.A.dylib+0x6d57]  objc_msgSend+0x17
#
# Failed to write core dump. Core dumps have been disabled. To enable core dumping, try "ulimit -c unlimited" before starting Java again
#
# If you would like to submit a bug report, please visit:
#   http://bugreport.sun.com/bugreport/crash.jsp
# The crash happened outside the Java Virtual Machine in native code.
# See problematic frame for where to report the bug.
#

---------------  T H R E A D  ---------------

Current thread (0x00007fd66b90c800):  JavaThread "Java2D Queue Flusher" daemon [_thread_in_native, id=50183, stack(0x0000700001359000,0x0000700001459000)]

siginfo: si_signo: 11 (SIGSEGV), si_code: 0 (unknown), si_addr: 0x0000000000000000

Registers:
RAX=0x00007fd66d23a000, RBX=0x00007fd66b90c9e8, RCX=0x00007fd66d23a040, RDX=0x000000012348dad0
RSP=0x00007000014586d8, RBP=0x0000700001458700, RSI=0x00007fff8452d38a, RDI=0xe000000000000000
R8 =0x00000000fffffffc, R9 =0x00007fd66b467640, R10=0x0000000107615668, R11=0x00007ffffffffff8
R12=0x00007fd66d23a038, R13=0x00000001202babe8, R14=0x00007fd66b5ad1a0, R15=0x00007fd66b57f610
RIP=0x00007fff80071d57, EFLAGS=0x0000000000010246, ERR=0x0000000000000000
  TRAPNO=0x000000000000000d

Top of Stack: (sp=0x00007000014586d8)
0x00007000014586d8:   000000012346d4ea 00007fd66b52c740
0x00007000014586e8:   0000000000000000 00007fd66d0c0010
0x00007000014586f8:   00007fd66b90c800 0000700001458780
0x0000700001458708:   000000012348d5ae 0000000001458830
0x0000700001458718:   00000002202babe8 0000000000000000
0x0000700001458728:   000000016c95920a 0000000000000064
0x0000700001458738:   00007fd66b90c800 0000000000000bad
0x0000700001458748:   00007fd66d0c0020 00007fd60090c800
0x0000700001458758:   00007fd66b90c9e8 00000001202babe8
0x0000700001458768:   0000000000000000 0000700001458830
0x0000700001458778:   00007fd66b90c800 00007000014587f8
0x0000700001458788:   0000000107615694 00000001202babe8
0x0000700001458798:   0000700001458830 00007000014587f8
0x00007000014587a8:   0000000107615be0 00007000014587d0
0x00007000014587b8:   00007000014587b8 0000000000000000
0x00007000014587c8:   0000700001458830 00000001202bbc80
0x00007000014587d8:   0000000000000000 00000001202babe8
0x00007000014587e8:   0000000000000000 0000700001458818
0x00007000014587f8:   0000700001458878 000000010760798d
0x0000700001458808:   0000000000000000 000000010760f2b8
0x0000700001458818:   0000000000000020 00007fd66d0c0000
0x0000700001458828:   00000006c10772d8 00000006c10772c0
0x0000700001458838:   0000700001458838 00000001202bac95
0x0000700001458848:   0000700001458890 00000001202bbc80
0x0000700001458858:   0000000000000000 00000001202bacb8
0x0000700001458868:   0000700001458818 0000700001458890
0x0000700001458878:   00007000014588d8 000000010760798d
0x0000700001458888:   0000000000000020 00000006c10772c0
0x0000700001458898:   0000700001458898 00000001202bae71
0x00007000014588a8:   00007000014588e8 00000001202bbc80
0x00007000014588b8:   0000000000000000 00000001202bae80
0x00007000014588c8:   0000700001458890 00007000014588e8 

Instructions: (pc=0x00007fff80071d57)
0x00007fff80071d37:   00 31 c0 c3 0f 1f 44 00 00 48 85 ff 2e 74 62 40
0x00007fff80071d47:   f6 c7 01 2e 75 66 49 bb f8 ff ff ff ff 7f 00 00
0x00007fff80071d57:   4c 23 1f 49 89 f2 45 23 53 18 49 c1 e2 04 4d 03
0x00007fff80071d67:   53 10 49 3b 32 75 04 41 ff 62 08 49 83 3a 01 76 

Register to memory mapping:

RAX=0x00007fd66d23a000 is an unknown value
RBX=0x00007fd66b90c9e8 is an unknown value
RCX=0x00007fd66d23a040 is an unknown value
RDX=0x000000012348dad0: Java_sun_java2d_opengl_OGLRenderQueue_flushBuffer+0xb5c in /Library/Java/JavaVirtualMachines/jdk1.8.0_25.jdk/Contents/Home/jre/lib/libawt_lwawt.dylib at 0x0000000123452000
RSP=0x00007000014586d8 is pointing into the stack for thread: 0x00007fd66b90c800
RBP=0x0000700001458700 is pointing into the stack for thread: 0x00007fd66b90c800
RSI=0x00007fff8452d38a: -[NSTitlebarContainerView transparent]+0xda00 in /System/Library/Frameworks/AppKit.framework/Versions/C/AppKit at 0x00007fff83afb000
RDI=0xe000000000000000 is an unknown value
R8 =0x00000000fffffffc is an unknown value
R9 =0x00007fd66b467640 is an unknown value
R10=0x0000000107615668 is at code_begin+808 in an Interpreter codelet
method entry point (kind = native)  [0x0000000107615340, 0x0000000107615c40]  2304 bytes
R11=0x00007ffffffffff8 is an unknown value
R12=0x00007fd66d23a038 is an unknown value
R13={method} {0x00000001202babe8} 'flushBuffer' '(JI)V' in 'sun/java2d/opengl/OGLRenderQueue'
R14=0x00007fd66b5ad1a0 is an unknown value
R15=0x00007fd66b57f610 is an unknown value


Stack: [0x0000700001359000,0x0000700001459000],  sp=0x00007000014586d8,  free space=1021k
Native frames: (J=compiled Java code, j=interpreted, Vv=VM code, C=native code)
C  [libobjc.A.dylib+0x6d57]  objc_msgSend+0x17
C  [libawt_lwawt.dylib+0x3b5ae]  Java_sun_java2d_opengl_OGLRenderQueue_flushBuffer+0x63a
j  sun.java2d.opengl.OGLRenderQueue.flushBuffer(JI)V+0
j  sun.java2d.opengl.OGLRenderQueue.flushBuffer()V+21
j  sun.java2d.opengl.OGLRenderQueue.access$100(Lsun/java2d/opengl/OGLRenderQueue;)V+1
j  sun.java2d.opengl.OGLRenderQueue$QueueFlusher.run()V+81
v  ~StubRoutines::call_stub
V  [libjvm.dylib+0x2d4516]
V  [libjvm.dylib+0x2d4ca4]
V  [libjvm.dylib+0x2d4e50]
V  [libjvm.dylib+0x32583f]
V  [libjvm.dylib+0x535ed9]
V  [libjvm.dylib+0x53761c]
V  [libjvm.dylib+0x45d87e]
C  [libsystem_pthread.dylib+0x39b1]  _pthread_body+0x83
C  [libsystem_pthread.dylib+0x392e]  _pthread_body+0x0
C  [libsystem_pthread.dylib+0x1385]  thread_start+0xd
C  0x0000000000000000

Java frames: (J=compiled Java code, j=interpreted, Vv=VM code)
j  sun.java2d.opengl.OGLRenderQueue.flushBuffer(JI)V+0
j  sun.java2d.opengl.OGLRenderQueue.flushBuffer()V+21
j  sun.java2d.opengl.OGLRenderQueue.access$100(Lsun/java2d/opengl/OGLRenderQueue;)V+1
j  sun.java2d.opengl.OGLRenderQueue$QueueFlusher.run()V+81
v  ~StubRoutines::call_stub

---------------  P R O C E S S  ---------------

Java Threads: ( => current thread )
  0x00007fd66ba69000 JavaThread "Animation Thread" [_thread_blocked, id=58723, stack(0x00007000017e8000,0x00007000018e8000)]
  0x00007fd66d000800 JavaThread "AWT-EventQueue-1" [_thread_in_native, id=59943, stack(0x00007000018eb000,0x00007000019eb000)]
  0x00007fd66ba27000 JavaThread "DestroyJavaVM" [_thread_blocked, id=5123, stack(0x0000700000097000,0x0000700000197000)]
  0x00007fd66d276000 JavaThread "AWT-EventQueue-0" [_thread_blocked, id=57095, stack(0x00007000016e5000,0x00007000017e5000)]
  0x00007fd66c0a1800 JavaThread "thread applet-module4.EarthquakeCityMap.class" [_thread_blocked, id=54031, stack(0x000070000155f000,0x000070000165f000)]
  0x00007fd66c94f800 JavaThread "Java2D Disposer" daemon [_thread_blocked, id=49679, stack(0x000070000145c000,0x000070000155c000)]
=>0x00007fd66b90c800 JavaThread "Java2D Queue Flusher" daemon [_thread_in_native, id=50183, stack(0x0000700001359000,0x0000700001459000)]
  0x00007fd66c071800 JavaThread "AWT-Shutdown" [_thread_blocked, id=29971, stack(0x00007000011d3000,0x00007000012d3000)]
  0x00007fd66d05b800 JavaThread "AWT-AppKit" daemon [_thread_in_native, id=2571, stack(0x00007fff598ab000,0x00007fff5a0ab000)]
  0x00007fd66c891800 JavaThread "Service Thread" daemon [_thread_blocked, id=18691, stack(0x0000700000e44000,0x0000700000f44000)]
  0x00007fd66d032800 JavaThread "C1 CompilerThread2" daemon [_thread_blocked, id=18179, stack(0x0000700000d41000,0x0000700000e41000)]
  0x00007fd66d03c000 JavaThread "C2 CompilerThread1" daemon [_thread_blocked, id=17667, stack(0x0000700000c3e000,0x0000700000d3e000)]
  0x00007fd66b814800 JavaThread "C2 CompilerThread0" daemon [_thread_blocked, id=17155, stack(0x0000700000b3b000,0x0000700000c3b000)]
  0x00007fd66c045000 JavaThread "Signal Dispatcher" daemon [_thread_blocked, id=13839, stack(0x0000700000a38000,0x0000700000b38000)]
  0x00007fd66c80b000 JavaThread "Finalizer" daemon [_thread_blocked, id=12291, stack(0x000070000082f000,0x000070000092f000)]
  0x00007fd66c800800 JavaThread "Reference Handler" daemon [_thread_blocked, id=11779, stack(0x000070000072c000,0x000070000082c000)]

Other Threads:
  0x00007fd66c001000 VMThread [stack: 0x0000700000629000,0x0000700000729000] [id=11267]
  0x00007fd66c844800 WatcherThread [stack: 0x0000700000f47000,0x0000700001047000] [id=19203]

VM state:not at safepoint (normal execution)

VM Mutex/Monitor currently owned by a thread: None

Heap:
 PSYoungGen      total 73728K, used 1259K [0x000000076ab00000, 0x0000000770980000, 0x00000007c0000000)
  eden space 53760K, 1% used [0x000000076ab00000,0x000000076ac0ac10,0x000000076df80000)
  from space 19968K, 0% used [0x000000076f600000,0x000000076f630000,0x0000000770980000)
  to   space 21504K, 0% used [0x000000076df80000,0x000000076df80000,0x000000076f480000)
 ParOldGen       total 99840K, used 28312K [0x00000006c0000000, 0x00000006c6180000, 0x000000076ab00000)
  object space 99840K, 28% used [0x00000006c0000000,0x00000006c1ba63e0,0x00000006c6180000)
 Metaspace       used 20985K, capacity 21135K, committed 21552K, reserved 1069056K
  class space    used 2023K, capacity 2074K, committed 2176K, reserved 1048576K

Card table byte_map: [0x00000001169c0000,0x00000001171c1000] byte_map_base: 0x00000001133c0000

Marking Bits: (ParMarkBitMap*) 0x000000010666d390
 Begin Bits: [0x0000000117717000, 0x000000011b717000)
 End Bits:   [0x000000011b717000, 0x000000011f717000)

Polling page: 0x0000000106d32000

CodeCache: size=245760Kb used=9504Kb max_used=9532Kb free=236255Kb
 bounds [0x0000000107600000, 0x0000000107fc0000, 0x0000000116600000]
 total_blobs=3483 nmethods=2595 adapters=802
 compilation: enabled

Compilation events (10 events):
Event: 157.227 Thread 0x00007fd66d032800 3099       3       sun.java2d.SunGraphics2D::setColor (108 bytes)
Event: 157.227 Thread 0x00007fd66d032800 nmethod 3099 0x0000000107c2ce10 code [0x0000000107c2cfa0, 0x0000000107c2d4d8]
Event: 157.227 Thread 0x00007fd66d032800 3098       3       java.lang.Math::ceil (5 bytes)
Event: 157.228 Thread 0x00007fd66d032800 nmethod 3098 0x0000000107c2c950 code [0x0000000107c2cb00, 0x0000000107c2ccc8]
Event: 157.235 Thread 0x00007fd66d032800 3100  s    3       sun.java2d.opengl.OGLRenderQueue::getInstance (20 bytes)
Event: 157.238 Thread 0x00007fd66d032800 nmethod 3100 0x0000000107993590 code [0x00000001079937e0, 0x0000000107994978]
Event: 157.241 Thread 0x00007fd66d03c000 3101       4       sun.lwawt.LWComponentPeer::getVisibleRegion (9 bytes)
Event: 157.242 Thread 0x00007fd66d03c000 nmethod 3101 0x00000001079932d0 code [0x0000000107993420, 0x00000001079934b8]
Event: 159.441 Thread 0x00007fd66d03c000 3102       4       sun.awt.SunToolkit::getSystemEventQueueImplPP (7 bytes)
Event: 159.446 Thread 0x00007fd66d03c000 nmethod 3102 0x0000000107b743d0 code [0x0000000107b74580, 0x0000000107b74850]

GC Heap History (10 events):
Event: 118.241 GC heap before
{Heap before GC invocations=11 (full 1):
 PSYoungGen      total 60416K, used 60288K [0x000000076ab00000, 0x0000000771280000, 0x00000007c0000000)
  eden space 58880K, 100% used [0x000000076ab00000,0x000000076e480000,0x000000076e480000)
  from space 1536K, 91% used [0x000000076e580000,0x000000076e6e0050,0x000000076e700000)
  to   space 23552K, 0% used [0x000000076fb80000,0x000000076fb80000,0x0000000771280000)
 ParOldGen       total 99840K, used 27000K [0x00000006c0000000, 0x00000006c6180000, 0x000000076ab00000)
  object space 99840K, 27% used [0x00000006c0000000,0x00000006c1a5e390,0x00000006c6180000)
 Metaspace       used 20978K, capacity 21127K, committed 21552K, reserved 1069056K
  class space    used 2023K, capacity 2074K, committed 2176K, reserved 1048576K
Event: 118.255 GC heap after
Heap after GC invocations=11 (full 1):
 PSYoungGen      total 79360K, used 160K [0x000000076ab00000, 0x0000000771080000, 0x00000007c0000000)
  eden space 57856K, 0% used [0x000000076ab00000,0x000000076ab00000,0x000000076e380000)
  from space 21504K, 0% used [0x000000076fb80000,0x000000076fba8000,0x0000000771080000)
  to   space 23040K, 0% used [0x000000076e380000,0x000000076e380000,0x000000076fa00000)
 ParOldGen       total 99840K, used 28312K [0x00000006c0000000, 0x00000006c6180000, 0x000000076ab00000)
  object space 99840K, 28% used [0x00000006c0000000,0x00000006c1ba63e0,0x00000006c6180000)
 Metaspace       used 20978K, capacity 21127K, committed 21552K, reserved 1069056K
  class space    used 2023K, capacity 2074K, committed 2176K, reserved 1048576K
}
Event: 129.333 GC heap before
{Heap before GC invocations=12 (full 1):
 PSYoungGen      total 79360K, used 58016K [0x000000076ab00000, 0x0000000771080000, 0x00000007c0000000)
  eden space 57856K, 100% used [0x000000076ab00000,0x000000076e380000,0x000000076e380000)
  from space 21504K, 0% used [0x000000076fb80000,0x000000076fba8000,0x0000000771080000)
  to   space 23040K, 0% used [0x000000076e380000,0x000000076e380000,0x000000076fa00000)
 ParOldGen       total 99840K, used 28312K [0x00000006c0000000, 0x00000006c6180000, 0x000000076ab00000)
  object space 99840K, 28% used [0x00000006c0000000,0x00000006c1ba63e0,0x00000006c6180000)
 Metaspace       used 20978K, capacity 21127K, committed 21552K, reserved 1069056K
  class space    used 2023K, capacity 2074K, committed 2176K, reserved 1048576K
Event: 129.335 GC heap after
Heap after GC invocations=12 (full 1):
 PSYoungGen      total 57344K, used 128K [0x000000076ab00000, 0x0000000770f80000, 0x00000007c0000000)
  eden space 56832K, 0% used [0x000000076ab00000,0x000000076ab00000,0x000000076e280000)
  from space 512K, 25% used [0x000000076e380000,0x000000076e3a0000,0x000000076e400000)
  to   space 23040K, 0% used [0x000000076f900000,0x000000076f900000,0x0000000770f80000)
 ParOldGen       total 99840K, used 28312K [0x00000006c0000000, 0x00000006c6180000, 0x000000076ab00000)
  object space 99840K, 28% used [0x00000006c0000000,0x00000006c1ba63e0,0x00000006c6180000)
 Metaspace       used 20978K, capacity 21127K, committed 21552K, reserved 1069056K
  class space    used 2023K, capacity 2074K, committed 2176K, reserved 1048576K
}
Event: 140.326 GC heap before
{Heap before GC invocations=13 (full 1):
 PSYoungGen      total 57344K, used 56960K [0x000000076ab00000, 0x0000000770f80000, 0x00000007c0000000)
  eden space 56832K, 100% used [0x000000076ab00000,0x000000076e280000,0x000000076e280000)
  from space 512K, 25% used [0x000000076e380000,0x000000076e3a0000,0x000000076e400000)
  to   space 23040K, 0% used [0x000000076f900000,0x000000076f900000,0x0000000770f80000)
 ParOldGen       total 99840K, used 28312K [0x00000006c0000000, 0x00000006c6180000, 0x000000076ab00000)
  object space 99840K, 28% used [0x00000006c0000000,0x00000006c1ba63e0,0x00000006c6180000)
 Metaspace       used 20978K, capacity 21127K, committed 21552K, reserved 1069056K
  class space    used 2023K, capacity 2074K, committed 2176K, reserved 1048576K
Event: 140.327 GC heap after
Heap after GC invocations=13 (full 1):
 PSYoungGen      total 76800K, used 128K [0x000000076ab00000, 0x0000000770d80000, 0x00000007c0000000)
  eden space 55808K, 0% used [0x000000076ab00000,0x000000076ab00000,0x000000076e180000)
  from space 20992K, 0% used [0x000000076f900000,0x000000076f920000,0x0000000770d80000)
  to   space 22528K, 0% used [0x000000076e180000,0x000000076e180000,0x000000076f780000)
 ParOldGen       total 99840K, used 28312K [0x00000006c0000000, 0x00000006c6180000, 0x000000076ab00000)
  object space 99840K, 28% used [0x00000006c0000000,0x00000006c1ba63e0,0x00000006c6180000)
 Metaspace       used 20978K, capacity 21127K, committed 21552K, reserved 1069056K
  class space    used 2023K, capacity 2074K, committed 2176K, reserved 1048576K
}
Event: 151.159 GC heap before
{Heap before GC invocations=14 (full 1):
 PSYoungGen      total 76800K, used 55936K [0x000000076ab00000, 0x0000000770d80000, 0x00000007c0000000)
  eden space 55808K, 100% used [0x000000076ab00000,0x000000076e180000,0x000000076e180000)
  from space 20992K, 0% used [0x000000076f900000,0x000000076f920000,0x0000000770d80000)
  to   space 22528K, 0% used [0x000000076e180000,0x000000076e180000,0x000000076f780000)
 ParOldGen       total 99840K, used 28312K [0x00000006c0000000, 0x00000006c6180000, 0x000000076ab00000)
  object space 99840K, 28% used [0x00000006c0000000,0x00000006c1ba63e0,0x00000006c6180000)
 Metaspace       used 20978K, capacity 21127K, committed 21552K, reserved 1069056K
  class space    used 2023K, capacity 2074K, committed 2176K, reserved 1048576K
Event: 151.160 GC heap after
Heap after GC invocations=14 (full 1):
 PSYoungGen      total 55296K, used 128K [0x000000076ab00000, 0x0000000770b80000, 0x00000007c0000000)
  eden space 54784K, 0% used [0x000000076ab00000,0x000000076ab00000,0x000000076e080000)
  from space 512K, 25% used [0x000000076e180000,0x000000076e1a0000,0x000000076e200000)
  to   space 22016K, 0% used [0x000000076f600000,0x000000076f600000,0x0000000770b80000)
 ParOldGen       total 99840K, used 28312K [0x00000006c0000000, 0x00000006c6180000, 0x000000076ab00000)
  object space 99840K, 28% used [0x00000006c0000000,0x00000006c1ba63e0,0x00000006c6180000)
 Metaspace       used 20978K, capacity 21127K, committed 21552K, reserved 1069056K
  class space    used 2023K, capacity 2074K, committed 2176K, reserved 1048576K
}
Event: 162.608 GC heap before
{Heap before GC invocations=15 (full 1):
 PSYoungGen      total 55296K, used 54912K [0x000000076ab00000, 0x0000000770b80000, 0x00000007c0000000)
  eden space 54784K, 100% used [0x000000076ab00000,0x000000076e080000,0x000000076e080000)
  from space 512K, 25% used [0x000000076e180000,0x000000076e1a0000,0x000000076e200000)
  to   space 22016K, 0% used [0x000000076f600000,0x000000076f600000,0x0000000770b80000)
 ParOldGen       total 99840K, used 28312K [0x00000006c0000000, 0x00000006c6180000, 0x000000076ab00000)
  object space 99840K, 28% used [0x00000006c0000000,0x00000006c1ba63e0,0x00000006c6180000)
 Metaspace       used 20985K, capacity 21135K, committed 21552K, reserved 1069056K
  class space    used 2023K, capacity 2074K, committed 2176K, reserved 1048576K
Event: 162.610 GC heap after
Heap after GC invocations=15 (full 1):
 PSYoungGen      total 73728K, used 192K [0x000000076ab00000, 0x0000000770980000, 0x00000007c0000000)
  eden space 53760K, 0% used [0x000000076ab00000,0x000000076ab00000,0x000000076df80000)
  from space 19968K, 0% used [0x000000076f600000,0x000000076f630000,0x0000000770980000)
  to   space 21504K, 0% used [0x000000076df80000,0x000000076df80000,0x000000076f480000)
 ParOldGen       total 99840K, used 28312K [0x00000006c0000000, 0x00000006c6180000, 0x000000076ab00000)
  object space 99840K, 28% used [0x00000006c0000000,0x00000006c1ba63e0,0x00000006c6180000)
 Metaspace       used 20985K, capacity 21135K, committed 21552K, reserved 1069056K
  class space    used 2023K, capacity 2074K, committed 2176K, reserved 1048576K
}

Deoptimization events (10 events):
Event: 19.312 Thread 0x00007fd66d000800 Uncommon trap: reason=class_check action=maybe_recompile pc=0x0000000107eec438 method=java.util.TimSort.countRunAndMakeAscending([Ljava/lang/Object;IILjava/util/Comparator;)I @ 43
Event: 19.329 Thread 0x00007fd66d000800 Uncommon trap: reason=class_check action=maybe_recompile pc=0x0000000107eec438 method=java.util.TimSort.countRunAndMakeAscending([Ljava/lang/Object;IILjava/util/Comparator;)I @ 43
Event: 19.346 Thread 0x00007fd66d000800 Uncommon trap: reason=class_check action=maybe_recompile pc=0x0000000107eec438 method=java.util.TimSort.countRunAndMakeAscending([Ljava/lang/Object;IILjava/util/Comparator;)I @ 43
Event: 19.362 Thread 0x00007fd66d000800 Uncommon trap: reason=class_check action=maybe_recompile pc=0x0000000107eec438 method=java.util.TimSort.countRunAndMakeAscending([Ljava/lang/Object;IILjava/util/Comparator;)I @ 43
Event: 19.464 Thread 0x00007fd66d000800 Uncommon trap: reason=null_check action=make_not_entrant pc=0x0000000107e45334 method=processing.opengl.PGraphicsOpenGL.initCache(Lprocessing/core/PImage;)Ljava/lang/Object; @ 14
Event: 19.466 Thread 0x00007fd66d000800 Uncommon trap: reason=null_check action=make_not_entrant pc=0x0000000107e38244 method=processing.opengl.PGraphicsOpenGL.initCache(Lprocessing/core/PImage;)Ljava/lang/Object; @ 14
Event: 19.467 Thread 0x00007fd66d000800 Uncommon trap: reason=null_check action=make_not_entrant pc=0x0000000107e2b3e0 method=processing.opengl.PGraphicsOpenGL.initCache(Lprocessing/core/PImage;)Ljava/lang/Object; @ 14
Event: 39.398 Thread 0x00007fd66d276000 Uncommon trap: reason=unreached action=reinterpret pc=0x0000000107a463dc method=java.awt.EventQueue.coalesceEvent(Ljava/awt/AWTEvent;I)Z @ 56
Event: 39.426 Thread 0x00007fd66d276000 Uncommon trap: reason=unreached action=reinterpret pc=0x0000000107cd4ab8 method=java.awt.font.FontRenderContext.equals(Ljava/awt/font/FontRenderContext;)Z @ 2
Event: 39.426 Thread 0x00007fd66d276000 Uncommon trap: reason=unreached action=reinterpret pc=0x0000000107d7c0b8 method=java.awt.Font.equals(Ljava/lang/Object;)Z @ 2

Internal exceptions (10 events):
Event: 2.771 Thread 0x00007fd66d05b800 Exception <a 'java/security/PrivilegedActionException'> (0x000000076af15620) thrown at [/HUDSON3/workspace/8-2-build-macosx-x86_64/jdk8u25/1514/hotspot/src/share/vm/prims/jvm.cpp, line 1312]
Event: 2.793 Thread 0x00007fd66c80b000 Exception <a 'java/lang/NullPointerException'> (0x000000076af7b9c8) thrown at [/HUDSON3/workspace/8-2-build-macosx-x86_64/jdk8u25/1514/hotspot/src/share/vm/interpreter/linkResolver.cpp, line 1178]
Event: 2.837 Thread 0x00007fd66d276000 Exception <a 'java/security/PrivilegedActionException'> (0x000000076b0c80b8) thrown at [/HUDSON3/workspace/8-2-build-macosx-x86_64/jdk8u25/1514/hotspot/src/share/vm/prims/jvm.cpp, line 1312]
Event: 2.838 Thread 0x00007fd66d276000 Exception <a 'java/security/PrivilegedActionException'> (0x000000076b0ce9c8) thrown at [/HUDSON3/workspace/8-2-build-macosx-x86_64/jdk8u25/1514/hotspot/src/share/vm/prims/jvm.cpp, line 1312]
Event: 2.848 Thread 0x00007fd66d276000 Exception <a 'java/security/PrivilegedActionException'> (0x000000076b0d47f0) thrown at [/HUDSON3/workspace/8-2-build-macosx-x86_64/jdk8u25/1514/hotspot/src/share/vm/prims/jvm.cpp, line 1312]
Event: 2.862 Thread 0x00007fd66d276000 Exception <a 'java/security/PrivilegedActionException'> (0x000000076b109f60) thrown at [/HUDSON3/workspace/8-2-build-macosx-x86_64/jdk8u25/1514/hotspot/src/share/vm/prims/jvm.cpp, line 1312]
Event: 2.965 Thread 0x00007fd66d276000 Exception <a 'java/security/PrivilegedActionException'> (0x000000076b6b83e0) thrown at [/HUDSON3/workspace/8-2-build-macosx-x86_64/jdk8u25/1514/hotspot/src/share/vm/prims/jvm.cpp, line 1312]
Event: 2.994 Thread 0x00007fd66d276000 Exception <a 'java/security/PrivilegedActionException'> (0x000000076b6c9f10) thrown at [/HUDSON3/workspace/8-2-build-macosx-x86_64/jdk8u25/1514/hotspot/src/share/vm/prims/jvm.cpp, line 1312]
Event: 2.998 Thread 0x00007fd66d276000 Exception <a 'java/security/PrivilegedActionException'> (0x000000076b6d4f38) thrown at [/HUDSON3/workspace/8-2-build-macosx-x86_64/jdk8u25/1514/hotspot/src/share/vm/prims/jvm.cpp, line 1312]
Event: 19.297 Thread 0x00007fd66d000800 Exception <a 'java/security/PrivilegedActionException'> (0x000000076d859920) thrown at [/HUDSON3/workspace/8-2-build-macosx-x86_64/jdk8u25/1514/hotspot/src/share/vm/prims/jvm.cpp, line 1312]

Events (10 events):
Event: 118.240 Executing VM operation: ParallelGCFailedAllocation
Event: 118.255 Executing VM operation: ParallelGCFailedAllocation done
Event: 129.333 Executing VM operation: ParallelGCFailedAllocation
Event: 129.335 Executing VM operation: ParallelGCFailedAllocation done
Event: 140.326 Executing VM operation: ParallelGCFailedAllocation
Event: 140.327 Executing VM operation: ParallelGCFailedAllocation done
Event: 151.159 Executing VM operation: ParallelGCFailedAllocation
Event: 151.160 Executing VM operation: ParallelGCFailedAllocation done
Event: 162.608 Executing VM operation: ParallelGCFailedAllocation
Event: 162.610 Executing VM operation: ParallelGCFailedAllocation done


Dynamic libraries:
0x0000000000003000 	/System/Library/Frameworks/Cocoa.framework/Versions/A/Cocoa
0x0000000000003000 	/System/Library/Frameworks/Security.framework/Versions/A/Security
0x0000000000003000 	/System/Library/Frameworks/ApplicationServices.framework/Versions/A/ApplicationServices
0x0000000000003000 	/usr/lib/libz.1.dylib
0x0000000000003000 	/usr/lib/libSystem.B.dylib
0x0000000000003000 	/usr/lib/libobjc.A.dylib
0x0000000000003000 	/System/Library/Frameworks/CoreFoundation.framework/Versions/A/CoreFoundation
0x0000000000003000 	/System/Library/Frameworks/Foundation.framework/Versions/C/Foundation
0x0000000000003000 	/System/Library/Frameworks/AppKit.framework/Versions/C/AppKit
0x0000000000003000 	/System/Library/Frameworks/CoreData.framework/Versions/A/CoreData
0x0000000000003000 	/System/Library/PrivateFrameworks/RemoteViewServices.framework/Versions/A/RemoteViewServices
0x0000000000003000 	/System/Library/PrivateFrameworks/UIFoundation.framework/Versions/A/UIFoundation
0x0000000000003000 	/usr/lib/libScreenReader.dylib
0x0000000000003000 	/System/Library/Frameworks/Accelerate.framework/Versions/A/Accelerate
0x0000000000003000 	/System/Library/Frameworks/IOSurface.framework/Versions/A/IOSurface
0x0000000000003000 	/System/Library/Frameworks/AudioToolbox.framework/Versions/A/AudioToolbox
0x0000000000003000 	/System/Library/Frameworks/AudioUnit.framework/Versions/A/AudioUnit
0x0000000000003000 	/System/Library/PrivateFrameworks/DataDetectorsCore.framework/Versions/A/DataDetectorsCore
0x0000000000003000 	/System/Library/PrivateFrameworks/DesktopServicesPriv.framework/Versions/A/DesktopServicesPriv
0x0000000000003000 	/System/Library/Frameworks/Carbon.framework/Versions/A/Frameworks/HIToolbox.framework/Versions/A/HIToolbox
0x0000000000003000 	/System/Library/Frameworks/QuartzCore.framework/Versions/A/QuartzCore
0x0000000000003000 	/System/Library/Frameworks/Carbon.framework/Versions/A/Frameworks/SpeechRecognition.framework/Versions/A/SpeechRecognition
0x0000000000003000 	/usr/lib/libauto.dylib
0x0000000000003000 	/usr/lib/libicucore.A.dylib
0x0000000000003000 	/usr/lib/libxml2.2.dylib
0x0000000000003000 	/System/Library/PrivateFrameworks/CoreUI.framework/Versions/A/CoreUI
0x0000000000003000 	/System/Library/Frameworks/CoreAudio.framework/Versions/A/CoreAudio
0x0000000000003000 	/System/Library/Frameworks/DiskArbitration.framework/Versions/A/DiskArbitration
0x0000000000003000 	/usr/lib/liblangid.dylib
0x0000000000003000 	/System/Library/PrivateFrameworks/MultitouchSupport.framework/Versions/A/MultitouchSupport
0x0000000000003000 	/System/Library/Frameworks/IOKit.framework/Versions/A/IOKit
0x0000000000003000 	/usr/lib/libDiagnosticMessagesClient.dylib
0x0000000000003000 	/System/Library/Frameworks/CoreServices.framework/Versions/A/CoreServices
0x0000000000003000 	/System/Library/PrivateFrameworks/PerformanceAnalysis.framework/Versions/A/PerformanceAnalysis
0x0000000000003000 	/System/Library/PrivateFrameworks/GenerationalStorage.framework/Versions/A/GenerationalStorage
0x0000000000003000 	/System/Library/Frameworks/OpenGL.framework/Versions/A/OpenGL
0x0000000000003000 	/System/Library/PrivateFrameworks/Sharing.framework/Versions/A/Sharing
0x0000000000003000 	/System/Library/Frameworks/CoreGraphics.framework/Versions/A/CoreGraphics
0x0000000000003000 	/System/Library/Frameworks/CoreImage.framework/Versions/A/CoreImage
0x0000000000003000 	/System/Library/Frameworks/CoreText.framework/Versions/A/CoreText
0x0000000000003000 	/System/Library/Frameworks/ImageIO.framework/Versions/A/ImageIO
0x0000000000003000 	/System/Library/PrivateFrameworks/Backup.framework/Versions/A/Backup
0x0000000000003000 	/usr/lib/libextension.dylib
0x0000000000003000 	/usr/lib/libarchive.2.dylib
0x0000000000003000 	/System/Library/Frameworks/CFNetwork.framework/Versions/A/CFNetwork
0x0000000000003000 	/System/Library/Frameworks/SystemConfiguration.framework/Versions/A/SystemConfiguration
0x0000000000003000 	/usr/lib/libCRFSuite.dylib
0x0000000000003000 	/usr/lib/libc++.1.dylib
0x0000000000003000 	/usr/lib/libc++abi.dylib
0x0000000000003000 	/usr/lib/system/libcache.dylib
0x0000000000003000 	/usr/lib/system/libcommonCrypto.dylib
0x0000000000003000 	/usr/lib/system/libcompiler_rt.dylib
0x0000000000003000 	/usr/lib/system/libcopyfile.dylib
0x0000000000003000 	/usr/lib/system/libcorecrypto.dylib
0x0000000000003000 	/usr/lib/system/libdispatch.dylib
0x0000000000003000 	/usr/lib/system/libdyld.dylib
0x0000000000003000 	/usr/lib/system/libkeymgr.dylib
0x0000000000003000 	/usr/lib/system/liblaunch.dylib
0x0000000000003000 	/usr/lib/system/libmacho.dylib
0x0000000000003000 	/usr/lib/system/libquarantine.dylib
0x0000000000003000 	/usr/lib/system/libremovefile.dylib
0x0000000000003000 	/usr/lib/system/libsystem_asl.dylib
0x0000000000003000 	/usr/lib/system/libsystem_blocks.dylib
0x0000000000003000 	/usr/lib/system/libsystem_c.dylib
0x0000000000003000 	/usr/lib/system/libsystem_configuration.dylib
0x0000000000003000 	/usr/lib/system/libsystem_coreservices.dylib
0x0000000000003000 	/usr/lib/system/libsystem_coretls.dylib
0x0000000000003000 	/usr/lib/system/libsystem_dnssd.dylib
0x0000000000003000 	/usr/lib/system/libsystem_info.dylib
0x0000000000003000 	/usr/lib/system/libsystem_kernel.dylib
0x0000000000003000 	/usr/lib/system/libsystem_m.dylib
0x0000000000003000 	/usr/lib/system/libsystem_malloc.dylib
0x0000000000003000 	/usr/lib/system/libsystem_network.dylib
0x0000000000003000 	/usr/lib/system/libsystem_networkextension.dylib
0x0000000000003000 	/usr/lib/system/libsystem_notify.dylib
0x0000000000003000 	/usr/lib/system/libsystem_platform.dylib
0x0000000000003000 	/usr/lib/system/libsystem_pthread.dylib
0x0000000000003000 	/usr/lib/system/libsystem_sandbox.dylib
0x0000000000003000 	/usr/lib/system/libsystem_secinit.dylib
0x0000000000003000 	/usr/lib/system/libsystem_trace.dylib
0x0000000000003000 	/usr/lib/system/libunc.dylib
0x0000000000003000 	/usr/lib/system/libunwind.dylib
0x0000000000003000 	/usr/lib/system/libxpc.dylib
0x0000000000003000 	/usr/lib/libenergytrace.dylib
0x0000000000003000 	/usr/lib/libbsm.0.dylib
0x0000000000003000 	/usr/lib/system/libkxld.dylib
0x0000000000003000 	/usr/lib/libxar.1.dylib
0x0000000000003000 	/usr/lib/libsqlite3.dylib
0x0000000000003000 	/usr/lib/libpam.2.dylib
0x0000000000003000 	/usr/lib/libOpenScriptingUtil.dylib
0x0000000000003000 	/usr/lib/libbz2.1.0.dylib
0x0000000000003000 	/usr/lib/liblzma.5.dylib
0x0000000000003000 	/System/Library/Frameworks/CoreServices.framework/Versions/A/Frameworks/FSEvents.framework/Versions/A/FSEvents
0x0000000000003000 	/System/Library/Frameworks/CoreServices.framework/Versions/A/Frameworks/CarbonCore.framework/Versions/A/CarbonCore
0x0000000000003000 	/System/Library/Frameworks/CoreServices.framework/Versions/A/Frameworks/Metadata.framework/Versions/A/Metadata
0x0000000000003000 	/System/Library/Frameworks/CoreServices.framework/Versions/A/Frameworks/OSServices.framework/Versions/A/OSServices
0x0000000000003000 	/System/Library/Frameworks/CoreServices.framework/Versions/A/Frameworks/SearchKit.framework/Versions/A/SearchKit
0x0000000000003000 	/System/Library/Frameworks/CoreServices.framework/Versions/A/Frameworks/AE.framework/Versions/A/AE
0x0000000000003000 	/System/Library/Frameworks/CoreServices.framework/Versions/A/Frameworks/LaunchServices.framework/Versions/A/LaunchServices
0x0000000000003000 	/System/Library/Frameworks/CoreServices.framework/Versions/A/Frameworks/DictionaryServices.framework/Versions/A/DictionaryServices
0x0000000000003000 	/System/Library/Frameworks/CoreServices.framework/Versions/A/Frameworks/SharedFileList.framework/Versions/A/SharedFileList
0x0000000000003000 	/System/Library/Frameworks/NetFS.framework/Versions/A/NetFS
0x0000000000003000 	/System/Library/PrivateFrameworks/NetAuth.framework/Versions/A/NetAuth
0x0000000000003000 	/System/Library/PrivateFrameworks/login.framework/Versions/A/Frameworks/loginsupport.framework/Versions/A/loginsupport
0x0000000000003000 	/System/Library/PrivateFrameworks/TCC.framework/Versions/A/TCC
0x0000000000003000 	/usr/lib/libmecabra.dylib
0x0000000000003000 	/System/Library/Frameworks/ApplicationServices.framework/Versions/A/Frameworks/ATS.framework/Versions/A/ATS
0x0000000000003000 	/System/Library/Frameworks/ApplicationServices.framework/Versions/A/Frameworks/ColorSync.framework/Versions/A/ColorSync
0x0000000000003000 	/System/Library/Frameworks/ApplicationServices.framework/Versions/A/Frameworks/HIServices.framework/Versions/A/HIServices
0x0000000000003000 	/System/Library/Frameworks/ApplicationServices.framework/Versions/A/Frameworks/LangAnalysis.framework/Versions/A/LangAnalysis
0x0000000000003000 	/System/Library/Frameworks/ApplicationServices.framework/Versions/A/Frameworks/PrintCore.framework/Versions/A/PrintCore
0x0000000000003000 	/System/Library/Frameworks/ApplicationServices.framework/Versions/A/Frameworks/QD.framework/Versions/A/QD
0x0000000000003000 	/System/Library/Frameworks/ApplicationServices.framework/Versions/A/Frameworks/SpeechSynthesis.framework/Versions/A/SpeechSynthesis
0x0000000000003000 	/System/Library/Frameworks/Metal.framework/Versions/A/Metal
0x0000000000003000 	/System/Library/Frameworks/Accelerate.framework/Versions/A/Frameworks/vImage.framework/Versions/A/vImage
0x0000000000003000 	/System/Library/Frameworks/Accelerate.framework/Versions/A/Frameworks/vecLib.framework/Versions/A/vecLib
0x0000000000003000 	/System/Library/Frameworks/Accelerate.framework/Versions/A/Frameworks/vecLib.framework/Versions/A/libvDSP.dylib
0x0000000000003000 	/System/Library/Frameworks/Accelerate.framework/Versions/A/Frameworks/vecLib.framework/Versions/A/libvMisc.dylib
0x0000000000003000 	/System/Library/Frameworks/Accelerate.framework/Versions/A/Frameworks/vecLib.framework/Versions/A/libLAPACK.dylib
0x0000000000003000 	/System/Library/Frameworks/Accelerate.framework/Versions/A/Frameworks/vecLib.framework/Versions/A/libBLAS.dylib
0x0000000000003000 	/System/Library/Frameworks/Accelerate.framework/Versions/A/Frameworks/vecLib.framework/Versions/A/libLinearAlgebra.dylib
0x0000000000003000 	/System/Library/Frameworks/Accelerate.framework/Versions/A/Frameworks/vecLib.framework/Versions/A/libSparseBLAS.dylib
0x0000000000003000 	/System/Library/PrivateFrameworks/GPUCompiler.framework/libmetal_timestamp.dylib
0x0000000000003000 	/System/Library/Frameworks/OpenGL.framework/Versions/A/Libraries/libCoreFSCache.dylib
0x0000000000003000 	/System/Library/PrivateFrameworks/IOAccelerator.framework/Versions/A/IOAccelerator
0x0000000000003000 	/System/Library/Frameworks/ApplicationServices.framework/Versions/A/Frameworks/ATS.framework/Versions/A/Resources/libFontParser.dylib
0x0000000000003000 	/System/Library/Frameworks/ApplicationServices.framework/Versions/A/Frameworks/ATS.framework/Versions/A/Resources/libFontRegistry.dylib
0x0000000000003000 	/System/Library/PrivateFrameworks/AppleVPA.framework/Versions/A/AppleVPA
0x0000000000003000 	/System/Library/PrivateFrameworks/AppleJPEG.framework/Versions/A/AppleJPEG
0x0000000000003000 	/System/Library/Frameworks/ImageIO.framework/Versions/A/Resources/libJPEG.dylib
0x0000000000003000 	/System/Library/Frameworks/ImageIO.framework/Versions/A/Resources/libTIFF.dylib
0x0000000000003000 	/System/Library/Frameworks/ImageIO.framework/Versions/A/Resources/libPng.dylib
0x0000000000003000 	/System/Library/Frameworks/ImageIO.framework/Versions/A/Resources/libGIF.dylib
0x0000000000003000 	/System/Library/Frameworks/ImageIO.framework/Versions/A/Resources/libJP2.dylib
0x0000000000003000 	/System/Library/Frameworks/ImageIO.framework/Versions/A/Resources/libRadiance.dylib
0x0000000000003000 	/System/Library/Frameworks/CoreVideo.framework/Versions/A/CoreVideo
0x0000000000003000 	/System/Library/Frameworks/OpenGL.framework/Versions/A/Libraries/libGLU.dylib
0x0000000000003000 	/System/Library/Frameworks/OpenGL.framework/Versions/A/Libraries/libGFXShared.dylib
0x0000000000003000 	/System/Library/Frameworks/OpenGL.framework/Versions/A/Libraries/libGL.dylib
0x0000000000003000 	/System/Library/Frameworks/OpenGL.framework/Versions/A/Libraries/libGLImage.dylib
0x0000000000003000 	/System/Library/Frameworks/OpenGL.framework/Versions/A/Libraries/libCVMSPluginSupport.dylib
0x0000000000003000 	/System/Library/Frameworks/OpenGL.framework/Versions/A/Libraries/libCoreVMClient.dylib
0x0000000000003000 	/usr/lib/libcups.2.dylib
0x0000000000003000 	/System/Library/Frameworks/Kerberos.framework/Versions/A/Kerberos
0x0000000000003000 	/System/Library/Frameworks/GSS.framework/Versions/A/GSS
0x0000000000003000 	/usr/lib/libresolv.9.dylib
0x0000000000003000 	/usr/lib/libiconv.2.dylib
0x0000000000003000 	/System/Library/PrivateFrameworks/Heimdal.framework/Versions/A/Heimdal
0x0000000000003000 	/usr/lib/libheimdal-asn1.dylib
0x0000000000003000 	/System/Library/Frameworks/OpenDirectory.framework/Versions/A/OpenDirectory
0x0000000000003000 	/System/Library/PrivateFrameworks/CommonAuth.framework/Versions/A/CommonAuth
0x0000000000003000 	/System/Library/Frameworks/OpenDirectory.framework/Versions/A/Frameworks/CFOpenDirectory.framework/Versions/A/CFOpenDirectory
0x0000000000003000 	/System/Library/Frameworks/SecurityFoundation.framework/Versions/A/SecurityFoundation
0x0000000000003000 	/System/Library/PrivateFrameworks/LanguageModeling.framework/Versions/A/LanguageModeling
0x0000000000003000 	/usr/lib/libmarisa.dylib
0x0000000000003000 	/usr/lib/libChineseTokenizer.dylib
0x0000000000003000 	/usr/lib/libcmph.dylib
0x0000000000003000 	/usr/lib/libcompression.dylib
0x0000000000003000 	/System/Library/Frameworks/ServiceManagement.framework/Versions/A/ServiceManagement
0x0000000000003000 	/usr/lib/libxslt.1.dylib
0x0000000000003000 	/System/Library/Frameworks/Carbon.framework/Versions/A/Frameworks/Ink.framework/Versions/A/Ink
0x0000000000003000 	/usr/lib/libFosl_dynamic.dylib
0x0000000000003000 	/System/Library/PrivateFrameworks/FaceCore.framework/Versions/A/FaceCore
0x0000000000003000 	/System/Library/Frameworks/OpenCL.framework/Versions/A/OpenCL
0x0000000000003000 	/System/Library/PrivateFrameworks/CrashReporterSupport.framework/Versions/A/CrashReporterSupport
0x0000000000003000 	/System/Library/PrivateFrameworks/IconServices.framework/Versions/A/IconServices
0x0000000000003000 	/System/Library/PrivateFrameworks/Apple80211.framework/Versions/A/Apple80211
0x0000000000003000 	/System/Library/Frameworks/CoreWLAN.framework/Versions/A/CoreWLAN
0x0000000000003000 	/System/Library/Frameworks/IOBluetooth.framework/Versions/A/IOBluetooth
0x0000000000003000 	/System/Library/PrivateFrameworks/CoreWiFi.framework/Versions/A/CoreWiFi
0x0000000000003000 	/System/Library/Frameworks/CoreBluetooth.framework/Versions/A/CoreBluetooth
0x0000000000003000 	/System/Library/PrivateFrameworks/ChunkingLibrary.framework/Versions/A/ChunkingLibrary
0x0000000000003000 	/System/Library/PrivateFrameworks/DebugSymbols.framework/Versions/A/DebugSymbols
0x0000000000003000 	/System/Library/PrivateFrameworks/CoreSymbolication.framework/Versions/A/CoreSymbolication
0x0000000000003000 	/System/Library/PrivateFrameworks/Symbolication.framework/Versions/A/Symbolication
0x0000000000003000 	/System/Library/PrivateFrameworks/SpeechRecognitionCore.framework/Versions/A/SpeechRecognitionCore
0x0000000105dd0000 	/Library/Java/JavaVirtualMachines/jdk1.8.0_25.jdk/Contents/Home/jre/lib/server/libjvm.dylib
0x0000000000003000 	/usr/lib/libstdc++.6.dylib
0x0000000106cf0000 	/Library/Java/JavaVirtualMachines/jdk1.8.0_25.jdk/Contents/Home/jre/lib/libverify.dylib
0x0000000106cfe000 	/Library/Java/JavaVirtualMachines/jdk1.8.0_25.jdk/Contents/Home/jre/lib/libjava.dylib
0x0000000106d3c000 	/Library/Java/JavaVirtualMachines/jdk1.8.0_25.jdk/Contents/Home/jre/lib/libzip.dylib
0x000000012197a000 	/System/Library/Frameworks/JavaVM.framework/Frameworks/JavaRuntimeSupport.framework/JavaRuntimeSupport
0x0000000121995000 	/System/Library/Frameworks/JavaVM.framework/Versions/A/Frameworks/JavaNativeFoundation.framework/Versions/A/JavaNativeFoundation
0x00000001219aa000 	/System/Library/Frameworks/JavaVM.framework/Versions/A/JavaVM
0x0000000000003000 	/System/Library/Frameworks/Carbon.framework/Versions/A/Carbon
0x00000001219b7000 	/System/Library/PrivateFrameworks/JavaLaunching.framework/Versions/A/JavaLaunching
0x0000000000003000 	/System/Library/Frameworks/Carbon.framework/Versions/A/Frameworks/CommonPanels.framework/Versions/A/CommonPanels
0x0000000000003000 	/System/Library/Frameworks/Carbon.framework/Versions/A/Frameworks/Help.framework/Versions/A/Help
0x0000000000003000 	/System/Library/Frameworks/Carbon.framework/Versions/A/Frameworks/ImageCapture.framework/Versions/A/ImageCapture
0x0000000000003000 	/System/Library/Frameworks/Carbon.framework/Versions/A/Frameworks/OpenScripting.framework/Versions/A/OpenScripting
0x0000000000003000 	/System/Library/Frameworks/Carbon.framework/Versions/A/Frameworks/Print.framework/Versions/A/Print
0x0000000000003000 	/System/Library/Frameworks/Carbon.framework/Versions/A/Frameworks/SecurityHI.framework/Versions/A/SecurityHI
0x00000001232d7000 	/Library/Java/JavaVirtualMachines/jdk1.8.0_25.jdk/Contents/Home/jre/lib/libawt.dylib
0x0000000123386000 	/Library/Java/JavaVirtualMachines/jdk1.8.0_25.jdk/Contents/Home/jre/lib/./libmlib_image.dylib
0x0000000123452000 	/Library/Java/JavaVirtualMachines/jdk1.8.0_25.jdk/Contents/Home/jre/lib/libawt_lwawt.dylib
0x0000000123505000 	/Library/Java/JavaVirtualMachines/jdk1.8.0_25.jdk/Contents/Home/jre/lib/./libosxapp.dylib
0x0000000000003000 	/System/Library/Frameworks/ExceptionHandling.framework/Versions/A/ExceptionHandling
0x0000000000003000 	/System/Library/PrivateFrameworks/CoreServicesInternal.framework/Versions/A/CoreServicesInternal
0x0000000000003000 	/System/Library/Frameworks/CoreGraphics.framework/Versions/A/Resources/libRIP.A.dylib
0x0000000000003000 	/System/Library/Frameworks/Accelerate.framework/Versions/A/Frameworks/vImage.framework/Versions/A/Libraries/libCGInterfaces.dylib
0x0000000000003000 	/System/Library/Frameworks/CoreGraphics.framework/Versions/A/Resources/libCGXType.A.dylib
0x0000000000003000 	/System/Library/Frameworks/OpenCL.framework/Versions/A/Libraries/libcldcpuengine.dylib
0x0000000000003000 	/System/Library/PrivateFrameworks/DiskImages.framework/Versions/A/DiskImages
0x0000000000003000 	/System/Library/Frameworks/DiscRecording.framework/Versions/A/DiscRecording
0x0000000000003000 	/usr/lib/libcsfde.dylib
0x0000000000003000 	/usr/lib/libcurl.4.dylib
0x0000000000003000 	/System/Library/PrivateFrameworks/MediaKit.framework/Versions/A/MediaKit
0x0000000000003000 	/System/Library/PrivateFrameworks/ProtectedCloudStorage.framework/Versions/A/ProtectedCloudStorage
0x0000000000003000 	/usr/lib/libCoreStorage.dylib
0x0000000000003000 	/System/Library/PrivateFrameworks/EFILogin.framework/Versions/A/EFILogin
0x0000000000003000 	/usr/lib/libutil.dylib
0x0000000000003000 	/System/Library/PrivateFrameworks/FindMyDevice.framework/Versions/A/FindMyDevice
0x0000000000003000 	/System/Library/Frameworks/LDAP.framework/Versions/A/LDAP
0x0000000000003000 	/usr/lib/libsasl2.2.dylib
0x0000000000003000 	/System/Library/PrivateFrameworks/CoreDaemon.framework/Versions/B/CoreDaemon
0x0000000000003000 	/usr/lib/libcrypto.0.9.8.dylib
0x0000000000003000 	/System/Library/PrivateFrameworks/AppleSRP.framework/Versions/A/AppleSRP
0x0000000000003000 	/System/Library/PrivateFrameworks/TrustEvaluationAgent.framework/Versions/A/TrustEvaluationAgent
0x000000012548c000 	cl_kernels
0x0000000000003000 	/System/Library/Frameworks/OpenCL.framework/Versions/A/Libraries/ImageFormats/unorm8_bgra.dylib
0x0000000000003000 	/System/Library/Frameworks/OpenCL.framework/Versions/A/Libraries/ImageFormats/unorm8_rgba.dylib
0x0000000000003000 	/System/Library/PrivateFrameworks/FamilyControls.framework/Versions/A/FamilyControls
0x0000000000003000 	/System/Library/PrivateFrameworks/CommerceKit.framework/Versions/A/Frameworks/CommerceCore.framework/Versions/A/CommerceCore
0x0000000000003000 	/System/Library/PrivateFrameworks/SystemAdministration.framework/Versions/A/SystemAdministration
0x0000000000003000 	/System/Library/PrivateFrameworks/AppContainer.framework/Versions/A/AppContainer
0x0000000000003000 	/System/Library/PrivateFrameworks/SecCodeWrapper.framework/Versions/A/SecCodeWrapper
0x0000000000003000 	/System/Library/Frameworks/DirectoryService.framework/Versions/A/DirectoryService
0x0000000000003000 	/System/Library/PrivateFrameworks/LoginUIKit.framework/Versions/A/Frameworks/LoginUICore.framework/Versions/A/LoginUICore
0x0000000000003000 	/usr/lib/libodfde.dylib
0x0000000000003000 	/System/Library/Frameworks/OpenGL.framework/Versions/A/Resources/GLEngine.bundle/GLEngine
0x0000000000003000 	/System/Library/Frameworks/OpenGL.framework/Versions/A/Libraries/libGLProgrammability.dylib
0x00000001266ae000 	/System/Library/Extensions/AppleIntelHD5000GraphicsGLDriver.bundle/Contents/MacOS/AppleIntelHD5000GraphicsGLDriver
0x0000000000003000 	/System/Library/PrivateFrameworks/GPUSupport.framework/Versions/A/Libraries/libGPUSupportMercury.dylib
0x0000000000003000 	/System/Library/Frameworks/OpenGL.framework/Versions/A/Resources/GLRendererFloat.bundle/GLRendererFloat
0x0000000127b55000 	/Library/Java/JavaVirtualMachines/jdk1.8.0_25.jdk/Contents/Home/jre/lib/libfontmanager.dylib
0x0000000128fff000 	/Library/Java/JavaVirtualMachines/jdk1.8.0_25.jdk/Contents/Home/jre/lib/libosxui.dylib
0x0000000129df7000 	/Library/Java/JavaVirtualMachines/jdk1.8.0_25.jdk/Contents/Home/jre/lib/libnet.dylib
0x0000000129c0b000 	/Library/Java/JavaVirtualMachines/jdk1.8.0_25.jdk/Contents/Home/jre/lib/libnio.dylib
0x000000012a4fe000 	/System/Library/Extensions/AppleIntelHD5000GraphicsMTLDriver.bundle/Contents/MacOS/AppleIntelHD5000GraphicsMTLDriver
0x000000012a240000 	/private/var/folders/cp/tx70kzcd6czf0xlkw2mzl81r0000gn/T/jogamp_0000/file_cache/jln6873460326908198306/jln2946201308081098374/libgluegen-rt.jnilib
0x000000012a244000 	/private/var/folders/cp/tx70kzcd6czf0xlkw2mzl81r0000gn/T/jogamp_0000/file_cache/jln6873460326908198306/jln2946201308081098374/libnativewindow_awt.jnilib
0x000000012a247000 	/Library/Java/JavaVirtualMachines/jdk1.8.0_25.jdk/Contents/Home/jre/lib/libjawt.dylib
0x000000012a24a000 	/private/var/folders/cp/tx70kzcd6czf0xlkw2mzl81r0000gn/T/jogamp_0000/file_cache/jln6873460326908198306/jln2946201308081098374/libnativewindow_macosx.jnilib
0x000000012b9cb000 	/private/var/folders/cp/tx70kzcd6czf0xlkw2mzl81r0000gn/T/jogamp_0000/file_cache/jln6873460326908198306/jln2946201308081098374/libjogl_desktop.jnilib
0x000000012a2b4000 	/Library/Java/JavaVirtualMachines/jdk1.8.0_25.jdk/Contents/Home/jre/lib/libt2k.dylib

VM Arguments:
jvm_args: -Djava.security.policy=java.policy.applet -Dfile.encoding=UTF-8 
java_command: sun.applet.AppletViewer module4.EarthquakeCityMap1444542705626.html
java_class_path (initial): /Users/jmuro/eclipse/java-latest-released/workspace/UCSDUnfoldingMaps/build:/Users/jmuro/eclipse/java-latest-released/workspace/UCSDUnfoldingMaps/lib/core.jar:/Users/jmuro/eclipse/java-latest-released/workspace/UCSDUnfoldingMaps/lib/gluegen-rt.jar:/Users/jmuro/eclipse/java-latest-released/workspace/UCSDUnfoldingMaps/lib/jogl-all.jar:/Users/jmuro/eclipse/java-latest-released/workspace/UCSDUnfoldingMaps/lib/log4j-1.2.15.jar:/Users/jmuro/eclipse/java-latest-released/workspace/UCSDUnfoldingMaps/lib/sqlite-jdbc-3.7.2.jar:/Users/jmuro/eclipse/java-latest-released/workspace/UCSDUnfoldingMaps/lib/json4processing.jar:/Users/jmuro/eclipse/java-latest-released/workspace/UCSDUnfoldingMaps/lib/libTUIO.jar:/Users/jmuro/eclipse/java-latest-released/workspace/UCSDUnfoldingMaps/lib/unfolding.0.9.7-uscd.jar
Launcher Type: SUN_STANDARD

Environment Variables:
PATH=/usr/bin:/bin:/usr/sbin:/sbin
SHELL=/bin/bash

Signal Handlers:
SIGSEGV: [libjvm.dylib+0x579dc7], sa_mask[0]=11111111011111110111111111111111, sa_flags=SA_ONSTACK|SA_RESTART|SA_SIGINFO
SIGBUS: [libjvm.dylib+0x579dc7], sa_mask[0]=11111111011111110111111111111111, sa_flags=SA_RESTART|SA_SIGINFO
SIGFPE: [libjvm.dylib+0x45b030], sa_mask[0]=11111111011111110111111111111111, sa_flags=SA_RESTART|SA_SIGINFO
SIGPIPE: [libjvm.dylib+0x45b030], sa_mask[0]=11111111011111110111111111111111, sa_flags=SA_RESTART|SA_SIGINFO
SIGXFSZ: [libjvm.dylib+0x45b030], sa_mask[0]=11111111011111110111111111111111, sa_flags=SA_RESTART|SA_SIGINFO
SIGILL: [libjvm.dylib+0x45b030], sa_mask[0]=11111111011111110111111111111111, sa_flags=SA_RESTART|SA_SIGINFO
SIGUSR1: SIG_DFL, sa_mask[0]=00000000000000000000000000000000, sa_flags=none
SIGUSR2: [libjvm.dylib+0x45ab4e], sa_mask[0]=00100000000000000000000000000000, sa_flags=SA_RESTART|SA_SIGINFO
SIGHUP: [libjvm.dylib+0x459121], sa_mask[0]=11111111011111110111111111111111, sa_flags=SA_RESTART|SA_SIGINFO
SIGINT: [libjvm.dylib+0x459121], sa_mask[0]=11111111011111110111111111111111, sa_flags=SA_RESTART|SA_SIGINFO
SIGTERM: [libjvm.dylib+0x459121], sa_mask[0]=11111111011111110111111111111111, sa_flags=SA_RESTART|SA_SIGINFO
SIGQUIT: [libjvm.dylib+0x459121], sa_mask[0]=11111111011111110111111111111111, sa_flags=SA_RESTART|SA_SIGINFO


---------------  S Y S T E M  ---------------

OS:Bsduname:Darwin 15.0.0 Darwin Kernel Version 15.0.0: Wed Aug 26 16:57:32 PDT 2015; root:xnu-3247.1.106~1/RELEASE_X86_64 x86_64
rlimit: STACK 8192k, CORE 0k, NPROC 709, NOFILE 10240, AS infinity
load average:5.66 5.04 3.23

CPU:total 4 (2 cores per cpu, 2 threads per core) family 6 model 69 stepping 1, cmov, cx8, fxsr, mmx, sse, sse2, sse3, ssse3, sse4.1, sse4.2, popcnt, avx, avx2, aes, clmul, erms, lzcnt, ht, tsc, tscinvbit, bmi1, bmi2

Memory: 4k page, physical 16777216k(3910232k free)

/proc/meminfo:


vm_info: Java HotSpot(TM) 64-Bit Server VM (25.25-b02) for bsd-amd64 JRE (1.8.0_25-b17), built on Sep 17 2014 16:56:50 by "java_re" with gcc 4.2.1 (Based on Apple Inc. build 5658) (LLVM build 2336.11.00)

time: Sun Oct 11 12:22:25 2015
elapsed time: 162 seconds (0d 0h 2m 42s)

